  6101_practice_1.cpp
C:\Users\aomiki\Desktop\uni.programming\6101_practice_1\6101_practice_1\6101_practice_1.cpp(12,13): warning C4566: character represented by universal-character-name '\u0412' cannot be represented in the current code page (1252)
C:\Users\aomiki\Desktop\uni.programming\6101_practice_1\6101_practice_1\6101_practice_1.cpp(12,13): warning C4566: character represented by universal-character-name '\u0432' cannot be represented in the current code page (1252)
C:\Users\aomiki\Desktop\uni.programming\6101_practice_1\6101_practice_1\6101_practice_1.cpp(12,13): warning C4566: character represented by universal-character-name '\u0435' cannot be represented in the current code page (1252)
C:\Users\aomiki\Desktop\uni.programming\6101_practice_1\6101_practice_1\6101_practice_1.cpp(12,13): warning C4566: character represented by universal-character-name '\u0434' cannot be represented in the current code page (1252)
C:\Users\aomiki\Desktop\uni.programming\6101_practice_1\6101_practice_1\6101_practice_1.cpp(12,13): warning C4566: character represented by universal-character-name '\u0438' cannot be represented in the current code page (1252)
C:\Users\aomiki\Desktop\uni.programming\6101_practice_1\6101_practice_1\6101_practice_1.cpp(12,13): warning C4566: character represented by universal-character-name '\u0442' cannot be represented in the current code page (1252)
C:\Users\aomiki\Desktop\uni.programming\6101_practice_1\6101_practice_1\6101_practice_1.cpp(12,13): warning C4566: character represented by universal-character-name '\u0437' cannot be represented in the current code page (1252)
C:\Users\aomiki\Desktop\uni.programming\6101_practice_1\6101_practice_1\6101_practice_1.cpp(12,13): warning C4566: character represented by universal-character-name '\u043D' cannot be represented in the current code page (1252)
C:\Users\aomiki\Desktop\uni.programming\6101_practice_1\6101_practice_1\6101_practice_1.cpp(12,13): warning C4566: character represented by universal-character-name '\u0430' cannot be represented in the current code page (1252)
C:\Users\aomiki\Desktop\uni.programming\6101_practice_1\6101_practice_1\6101_practice_1.cpp(12,13): warning C4566: character represented by universal-character-name '\u0447' cannot be represented in the current code page (1252)
C:\Users\aomiki\Desktop\uni.programming\6101_practice_1\6101_practice_1\6101_practice_1.cpp(12,13): warning C4566: character represented by universal-character-name '\u0443' cannot be represented in the current code page (1252)
C:\Users\aomiki\Desktop\uni.programming\6101_practice_1\6101_practice_1\6101_practice_1.cpp(12,13): warning C4566: character represented by universal-character-name '\u0433' cannot be represented in the current code page (1252)
C:\Users\aomiki\Desktop\uni.programming\6101_practice_1\6101_practice_1\6101_practice_1.cpp(12,13): warning C4566: character represented by universal-character-name '\u043B' cannot be represented in the current code page (1252)
C:\Users\aomiki\Desktop\uni.programming\6101_practice_1\6101_practice_1\6101_practice_1.cpp(12,13): warning C4566: character represented by universal-character-name '\u0440' cannot be represented in the current code page (1252)
C:\Users\aomiki\Desktop\uni.programming\6101_practice_1\6101_practice_1\6101_practice_1.cpp(12,13): warning C4566: character represented by universal-character-name '\u0441' cannot be represented in the current code page (1252)
C:\Users\aomiki\Desktop\uni.programming\6101_practice_1\6101_practice_1\6101_practice_1.cpp(12,13): warning C4566: character represented by universal-character-name '\u0445' cannot be represented in the current code page (1252)
C:\Users\aomiki\Desktop\uni.programming\6101_practice_1\6101_practice_1\6101_practice_1.cpp(18,13): warning C4566: character represented by universal-character-name '\u0425' cannot be represented in the current code page (1252)
C:\Users\aomiki\Desktop\uni.programming\6101_practice_1\6101_practice_1\6101_practice_1.cpp(18,13): warning C4566: character represented by universal-character-name '\u043E' cannot be represented in the current code page (1252)
C:\Users\aomiki\Desktop\uni.programming\6101_practice_1\6101_practice_1\6101_practice_1.cpp(18,13): warning C4566: character represented by universal-character-name '\u0442' cannot be represented in the current code page (1252)
C:\Users\aomiki\Desktop\uni.programming\6101_practice_1\6101_practice_1\6101_practice_1.cpp(18,13): warning C4566: character represented by universal-character-name '\u0438' cannot be represented in the current code page (1252)
C:\Users\aomiki\Desktop\uni.programming\6101_practice_1\6101_practice_1\6101_practice_1.cpp(18,13): warning C4566: character represented by universal-character-name '\u0435' cannot be represented in the current code page (1252)
C:\Users\aomiki\Desktop\uni.programming\6101_practice_1\6101_practice_1\6101_practice_1.cpp(18,13): warning C4566: character represented by universal-character-name '\u043B' cannot be represented in the current code page (1252)
C:\Users\aomiki\Desktop\uni.programming\6101_practice_1\6101_practice_1\6101_practice_1.cpp(18,13): warning C4566: character represented by universal-character-name '\u0412' cannot be represented in the current code page (1252)
C:\Users\aomiki\Desktop\uni.programming\6101_practice_1\6101_practice_1\6101_practice_1.cpp(18,13): warning C4566: character represented by universal-character-name '\u044B' cannot be represented in the current code page (1252)
C:\Users\aomiki\Desktop\uni.programming\6101_practice_1\6101_practice_1\6101_practice_1.cpp(18,13): warning C4566: character represented by universal-character-name '\u043F' cannot be represented in the current code page (1252)
C:\Users\aomiki\Desktop\uni.programming\6101_practice_1\6101_practice_1\6101_practice_1.cpp(18,13): warning C4566: character represented by universal-character-name '\u0440' cannot be represented in the current code page (1252)
C:\Users\aomiki\Desktop\uni.programming\6101_practice_1\6101_practice_1\6101_practice_1.cpp(18,13): warning C4566: character represented by universal-character-name '\u0434' cannot be represented in the current code page (1252)
C:\Users\aomiki\Desktop\uni.programming\6101_practice_1\6101_practice_1\6101_practice_1.cpp(18,13): warning C4566: character represented by universal-character-name '\u0436' cannot be represented in the current code page (1252)
C:\Users\aomiki\Desktop\uni.programming\6101_practice_1\6101_practice_1\6101_practice_1.cpp(18,13): warning C4566: character represented by universal-character-name '\u044C' cannot be represented in the current code page (1252)
  6101_practice_1.vcxproj -> C:\Users\aomiki\Desktop\uni.programming\6101_practice_1\x64\Debug\6101_practice_1.exe
