  Program.cpp
C:\Users\aomiki\Desktop\uni.programming\LR\OP\LR1_10\LR1HelloWorld\LR1HelloWorld\Program.cpp(20,17): warning C4566: character represented by universal-character-name '\u0412' cannot be represented in the current code page (1252)
C:\Users\aomiki\Desktop\uni.programming\LR\OP\LR1_10\LR1HelloWorld\LR1HelloWorld\Program.cpp(20,17): warning C4566: character represented by universal-character-name '\u0432' cannot be represented in the current code page (1252)
C:\Users\aomiki\Desktop\uni.programming\LR\OP\LR1_10\LR1HelloWorld\LR1HelloWorld\Program.cpp(20,17): warning C4566: character represented by universal-character-name '\u0435' cannot be represented in the current code page (1252)
C:\Users\aomiki\Desktop\uni.programming\LR\OP\LR1_10\LR1HelloWorld\LR1HelloWorld\Program.cpp(20,17): warning C4566: character represented by universal-character-name '\u0434' cannot be represented in the current code page (1252)
C:\Users\aomiki\Desktop\uni.programming\LR\OP\LR1_10\LR1HelloWorld\LR1HelloWorld\Program.cpp(20,17): warning C4566: character represented by universal-character-name '\u0438' cannot be represented in the current code page (1252)
C:\Users\aomiki\Desktop\uni.programming\LR\OP\LR1_10\LR1HelloWorld\LR1HelloWorld\Program.cpp(20,17): warning C4566: character represented by universal-character-name '\u0442' cannot be represented in the current code page (1252)
C:\Users\aomiki\Desktop\uni.programming\LR\OP\LR1_10\LR1HelloWorld\LR1HelloWorld\Program.cpp(25,21): warning C4566: character represented by universal-character-name '\u0412' cannot be represented in the current code page (1252)
C:\Users\aomiki\Desktop\uni.programming\LR\OP\LR1_10\LR1HelloWorld\LR1HelloWorld\Program.cpp(25,21): warning C4566: character represented by universal-character-name '\u0432' cannot be represented in the current code page (1252)
C:\Users\aomiki\Desktop\uni.programming\LR\OP\LR1_10\LR1HelloWorld\LR1HelloWorld\Program.cpp(25,21): warning C4566: character represented by universal-character-name '\u0435' cannot be represented in the current code page (1252)
C:\Users\aomiki\Desktop\uni.programming\LR\OP\LR1_10\LR1HelloWorld\LR1HelloWorld\Program.cpp(25,21): warning C4566: character represented by universal-character-name '\u0434' cannot be represented in the current code page (1252)
C:\Users\aomiki\Desktop\uni.programming\LR\OP\LR1_10\LR1HelloWorld\LR1HelloWorld\Program.cpp(25,21): warning C4566: character represented by universal-character-name '\u0438' cannot be represented in the current code page (1252)
C:\Users\aomiki\Desktop\uni.programming\LR\OP\LR1_10\LR1HelloWorld\LR1HelloWorld\Program.cpp(25,21): warning C4566: character represented by universal-character-name '\u0442' cannot be represented in the current code page (1252)
C:\Users\aomiki\Desktop\uni.programming\LR\OP\LR1_10\LR1HelloWorld\LR1HelloWorld\Program.cpp(25,21): warning C4566: character represented by universal-character-name '\u0437' cannot be represented in the current code page (1252)
C:\Users\aomiki\Desktop\uni.programming\LR\OP\LR1_10\LR1HelloWorld\LR1HelloWorld\Program.cpp(25,21): warning C4566: character represented by universal-character-name '\u043D' cannot be represented in the current code page (1252)
C:\Users\aomiki\Desktop\uni.programming\LR\OP\LR1_10\LR1HelloWorld\LR1HelloWorld\Program.cpp(25,21): warning C4566: character represented by universal-character-name '\u0430' cannot be represented in the current code page (1252)
C:\Users\aomiki\Desktop\uni.programming\LR\OP\LR1_10\LR1HelloWorld\LR1HelloWorld\Program.cpp(25,21): warning C4566: character represented by universal-character-name '\u0447' cannot be represented in the current code page (1252)
C:\Users\aomiki\Desktop\uni.programming\LR\OP\LR1_10\LR1HelloWorld\LR1HelloWorld\Program.cpp(25,21): warning C4566: character represented by universal-character-name '\u0445' cannot be represented in the current code page (1252)
C:\Users\aomiki\Desktop\uni.programming\LR\OP\LR1_10\LR1HelloWorld\LR1HelloWorld\Program.cpp(25,21): warning C4566: character represented by universal-character-name '\u043E' cannot be represented in the current code page (1252)
C:\Users\aomiki\Desktop\uni.programming\LR\OP\LR1_10\LR1HelloWorld\LR1HelloWorld\Program.cpp(25,21): warning C4566: character represented by universal-character-name '\u044F' cannot be represented in the current code page (1252)
C:\Users\aomiki\Desktop\uni.programming\LR\OP\LR1_10\LR1HelloWorld\LR1HelloWorld\Program.cpp(25,21): warning C4566: character represented by universal-character-name '\u0449' cannot be represented in the current code page (1252)
C:\Users\aomiki\Desktop\uni.programming\LR\OP\LR1_10\LR1HelloWorld\LR1HelloWorld\Program.cpp(25,21): warning C4566: character represented by universal-character-name '\u044B' cannot be represented in the current code page (1252)
C:\Users\aomiki\Desktop\uni.programming\LR\OP\LR1_10\LR1HelloWorld\LR1HelloWorld\Program.cpp(25,21): warning C4566: character represented by universal-character-name '\u0439' cannot be represented in the current code page (1252)
C:\Users\aomiki\Desktop\uni.programming\LR\OP\LR1_10\LR1HelloWorld\LR1HelloWorld\Program.cpp(25,21): warning C4566: character represented by universal-character-name '\u0441' cannot be represented in the current code page (1252)
C:\Users\aomiki\Desktop\uni.programming\LR\OP\LR1_10\LR1HelloWorld\LR1HelloWorld\Program.cpp(25,21): warning C4566: character represented by universal-character-name '\u043B' cannot be represented in the current code page (1252)
C:\Users\aomiki\Desktop\uni.programming\LR\OP\LR1_10\LR1HelloWorld\LR1HelloWorld\Program.cpp(25,21): warning C4566: character represented by universal-character-name '\u043F' cannot be represented in the current code page (1252)
C:\Users\aomiki\Desktop\uni.programming\LR\OP\LR1_10\LR1HelloWorld\LR1HelloWorld\Program.cpp(25,21): warning C4566: character represented by universal-character-name '\u0440' cannot be represented in the current code page (1252)
C:\Users\aomiki\Desktop\uni.programming\LR\OP\LR1_10\LR1HelloWorld\LR1HelloWorld\Program.cpp(25,21): warning C4566: character represented by universal-character-name '\u043C' cannot be represented in the current code page (1252)
C:\Users\aomiki\Desktop\uni.programming\LR\OP\LR1_10\LR1HelloWorld\LR1HelloWorld\Program.cpp(25,21): warning C4566: character represented by universal-character-name '\u0436' cannot be represented in the current code page (1252)
C:\Users\aomiki\Desktop\uni.programming\LR\OP\LR1_10\LR1HelloWorld\LR1HelloWorld\Program.cpp(25,21): warning C4566: character represented by universal-character-name '\u0443' cannot be represented in the current code page (1252)
C:\Users\aomiki\Desktop\uni.programming\LR\OP\LR1_10\LR1HelloWorld\LR1HelloWorld\Program.cpp(25,21): warning C4566: character represented by universal-character-name '\u043A' cannot be represented in the current code page (1252)
C:\Users\aomiki\Desktop\uni.programming\LR\OP\LR1_10\LR1HelloWorld\LR1HelloWorld\Program.cpp(25,21): warning C4566: character represented by universal-character-name '\u041F' cannot be represented in the current code page (1252)
C:\Users\aomiki\Desktop\uni.programming\LR\OP\LR1_10\LR1HelloWorld\LR1HelloWorld\Program.cpp(25,21): warning C4566: character represented by universal-character-name '\u0431' cannot be represented in the current code page (1252)
C:\Users\aomiki\Desktop\uni.programming\LR\OP\LR1_10\LR1HelloWorld\LR1HelloWorld\Program.cpp(27,17): warning C4566: character represented by universal-character-name '\u0412' cannot be represented in the current code page (1252)
C:\Users\aomiki\Desktop\uni.programming\LR\OP\LR1_10\LR1HelloWorld\LR1HelloWorld\Program.cpp(27,17): warning C4566: character represented by universal-character-name '\u0432' cannot be represented in the current code page (1252)
C:\Users\aomiki\Desktop\uni.programming\LR\OP\LR1_10\LR1HelloWorld\LR1HelloWorld\Program.cpp(27,17): warning C4566: character represented by universal-character-name '\u0435' cannot be represented in the current code page (1252)
C:\Users\aomiki\Desktop\uni.programming\LR\OP\LR1_10\LR1HelloWorld\LR1HelloWorld\Program.cpp(27,17): warning C4566: character represented by universal-character-name '\u0434' cannot be represented in the current code page (1252)
C:\Users\aomiki\Desktop\uni.programming\LR\OP\LR1_10\LR1HelloWorld\LR1HelloWorld\Program.cpp(27,17): warning C4566: character represented by universal-character-name '\u0438' cannot be represented in the current code page (1252)
C:\Users\aomiki\Desktop\uni.programming\LR\OP\LR1_10\LR1HelloWorld\LR1HelloWorld\Program.cpp(27,17): warning C4566: character represented by universal-character-name '\u0442' cannot be represented in the current code page (1252)
C:\Users\aomiki\Desktop\uni.programming\LR\OP\LR1_10\LR1HelloWorld\LR1HelloWorld\Program.cpp(32,21): warning C4566: character represented by universal-character-name '\u0417' cannot be represented in the current code page (1252)
C:\Users\aomiki\Desktop\uni.programming\LR\OP\LR1_10\LR1HelloWorld\LR1HelloWorld\Program.cpp(32,21): warning C4566: character represented by universal-character-name '\u043D' cannot be represented in the current code page (1252)
C:\Users\aomiki\Desktop\uni.programming\LR\OP\LR1_10\LR1HelloWorld\LR1HelloWorld\Program.cpp(32,21): warning C4566: character represented by universal-character-name '\u0430' cannot be represented in the current code page (1252)
C:\Users\aomiki\Desktop\uni.programming\LR\OP\LR1_10\LR1HelloWorld\LR1HelloWorld\Program.cpp(32,21): warning C4566: character represented by universal-character-name '\u0447' cannot be represented in the current code page (1252)
C:\Users\aomiki\Desktop\uni.programming\LR\OP\LR1_10\LR1HelloWorld\LR1HelloWorld\Program.cpp(32,21): warning C4566: character represented by universal-character-name '\u0435' cannot be represented in the current code page (1252)
C:\Users\aomiki\Desktop\uni.programming\LR\OP\LR1_10\LR1HelloWorld\LR1HelloWorld\Program.cpp(32,21): warning C4566: character represented by universal-character-name '\u0438' cannot be represented in the current code page (1252)
C:\Users\aomiki\Desktop\uni.programming\LR\OP\LR1_10\LR1HelloWorld\LR1HelloWorld\Program.cpp(32,21): warning C4566: character represented by universal-character-name '\u043F' cannot be represented in the current code page (1252)
C:\Users\aomiki\Desktop\uni.programming\LR\OP\LR1_10\LR1HelloWorld\LR1HelloWorld\Program.cpp(32,21): warning C4566: character represented by universal-character-name '\u043E' cannot be represented in the current code page (1252)
C:\Users\aomiki\Desktop\uni.programming\LR\OP\LR1_10\LR1HelloWorld\LR1HelloWorld\Program.cpp(32,21): warning C4566: character represented by universal-character-name '\u0433' cannot be represented in the current code page (1252)
C:\Users\aomiki\Desktop\uni.programming\LR\OP\LR1_10\LR1HelloWorld\LR1HelloWorld\Program.cpp(32,21): warning C4566: character represented by universal-character-name '\u0440' cannot be represented in the current code page (1252)
C:\Users\aomiki\Desktop\uni.programming\LR\OP\LR1_10\LR1HelloWorld\LR1HelloWorld\Program.cpp(32,21): warning C4566: character represented by universal-character-name '\u0448' cannot be represented in the current code page (1252)
C:\Users\aomiki\Desktop\uni.programming\LR\OP\LR1_10\LR1HelloWorld\LR1HelloWorld\Program.cpp(32,21): warning C4566: character represented by universal-character-name '\u0441' cannot be represented in the current code page (1252)
C:\Users\aomiki\Desktop\uni.programming\LR\OP\LR1_10\LR1HelloWorld\LR1HelloWorld\Program.cpp(32,21): warning C4566: character represented by universal-character-name '\u0442' cannot be represented in the current code page (1252)
C:\Users\aomiki\Desktop\uni.programming\LR\OP\LR1_10\LR1HelloWorld\LR1HelloWorld\Program.cpp(32,21): warning C4566: character represented by universal-character-name '\u043B' cannot be represented in the current code page (1252)
C:\Users\aomiki\Desktop\uni.programming\LR\OP\LR1_10\LR1HelloWorld\LR1HelloWorld\Program.cpp(32,21): warning C4566: character represented by universal-character-name '\u0436' cannot be represented in the current code page (1252)
C:\Users\aomiki\Desktop\uni.programming\LR\OP\LR1_10\LR1HelloWorld\LR1HelloWorld\Program.cpp(32,21): warning C4566: character represented by universal-character-name '\u044C' cannot be represented in the current code page (1252)
C:\Users\aomiki\Desktop\uni.programming\LR\OP\LR1_10\LR1HelloWorld\LR1HelloWorld\Program.cpp(32,21): warning C4566: character represented by universal-character-name '\u041F' cannot be represented in the current code page (1252)
C:\Users\aomiki\Desktop\uni.programming\LR\OP\LR1_10\LR1HelloWorld\LR1HelloWorld\Program.cpp(32,21): warning C4566: character represented by universal-character-name '\u0431' cannot be represented in the current code page (1252)
C:\Users\aomiki\Desktop\uni.programming\LR\OP\LR1_10\LR1HelloWorld\LR1HelloWorld\Program.cpp(32,21): warning C4566: character represented by universal-character-name '\u0443' cannot be represented in the current code page (1252)
C:\Users\aomiki\Desktop\uni.programming\LR\OP\LR1_10\LR1HelloWorld\LR1HelloWorld\Program.cpp(32,21): warning C4566: character represented by universal-character-name '\u0439' cannot be represented in the current code page (1252)
C:\Users\aomiki\Desktop\uni.programming\LR\OP\LR1_10\LR1HelloWorld\LR1HelloWorld\Program.cpp(32,21): warning C4566: character represented by universal-character-name '\u0432' cannot be represented in the current code page (1252)
C:\Users\aomiki\Desktop\uni.programming\LR\OP\LR1_10\LR1HelloWorld\LR1HelloWorld\Program.cpp(32,21): warning C4566: character represented by universal-character-name '\u0412' cannot be represented in the current code page (1252)
C:\Users\aomiki\Desktop\uni.programming\LR\OP\LR1_10\LR1HelloWorld\LR1HelloWorld\Program.cpp(32,21): warning C4566: character represented by universal-character-name '\u0434' cannot be represented in the current code page (1252)
C:\Users\aomiki\Desktop\uni.programming\LR\OP\LR1_10\LR1HelloWorld\LR1HelloWorld\Program.cpp(44,33): warning C4566: character represented by universal-character-name '\u041D' cannot be represented in the current code page (1252)
C:\Users\aomiki\Desktop\uni.programming\LR\OP\LR1_10\LR1HelloWorld\LR1HelloWorld\Program.cpp(44,33): warning C4566: character represented by universal-character-name '\u043E' cannot be represented in the current code page (1252)
C:\Users\aomiki\Desktop\uni.programming\LR\OP\LR1_10\LR1HelloWorld\LR1HelloWorld\Program.cpp(44,33): warning C4566: character represented by universal-character-name '\u043C' cannot be represented in the current code page (1252)
C:\Users\aomiki\Desktop\uni.programming\LR\OP\LR1_10\LR1HelloWorld\LR1HelloWorld\Program.cpp(44,33): warning C4566: character represented by universal-character-name '\u0435' cannot be represented in the current code page (1252)
C:\Users\aomiki\Desktop\uni.programming\LR\OP\LR1_10\LR1HelloWorld\LR1HelloWorld\Program.cpp(44,33): warning C4566: character represented by universal-character-name '\u0440' cannot be represented in the current code page (1252)
C:\Users\aomiki\Desktop\uni.programming\LR\OP\LR1_10\LR1HelloWorld\LR1HelloWorld\Program.cpp(44,33): warning C4566: character represented by universal-character-name '\u0438' cannot be represented in the current code page (1252)
C:\Users\aomiki\Desktop\uni.programming\LR\OP\LR1_10\LR1HelloWorld\LR1HelloWorld\Program.cpp(44,33): warning C4566: character represented by universal-character-name '\u0442' cannot be represented in the current code page (1252)
C:\Users\aomiki\Desktop\uni.programming\LR\OP\LR1_10\LR1HelloWorld\LR1HelloWorld\Program.cpp(44,33): warning C4566: character represented by universal-character-name '\u0430' cannot be represented in the current code page (1252)
C:\Users\aomiki\Desktop\uni.programming\LR\OP\LR1_10\LR1HelloWorld\LR1HelloWorld\Program.cpp(44,33): warning C4566: character represented by universal-character-name '\u0446' cannot be represented in the current code page (1252)
C:\Users\aomiki\Desktop\uni.programming\LR\OP\LR1_10\LR1HelloWorld\LR1HelloWorld\Program.cpp(44,73): warning C4566: character represented by universal-character-name '\u041F' cannot be represented in the current code page (1252)
C:\Users\aomiki\Desktop\uni.programming\LR\OP\LR1_10\LR1HelloWorld\LR1HelloWorld\Program.cpp(44,73): warning C4566: character represented by universal-character-name '\u043E' cannot be represented in the current code page (1252)
C:\Users\aomiki\Desktop\uni.programming\LR\OP\LR1_10\LR1HelloWorld\LR1HelloWorld\Program.cpp(44,73): warning C4566: character represented by universal-character-name '\u0441' cannot be represented in the current code page (1252)
C:\Users\aomiki\Desktop\uni.programming\LR\OP\LR1_10\LR1HelloWorld\LR1HelloWorld\Program.cpp(44,73): warning C4566: character represented by universal-character-name '\u043B' cannot be represented in the current code page (1252)
C:\Users\aomiki\Desktop\uni.programming\LR\OP\LR1_10\LR1HelloWorld\LR1HelloWorld\Program.cpp(44,73): warning C4566: character represented by universal-character-name '\u0435' cannot be represented in the current code page (1252)
C:\Users\aomiki\Desktop\uni.programming\LR\OP\LR1_10\LR1HelloWorld\LR1HelloWorld\Program.cpp(44,73): warning C4566: character represented by universal-character-name '\u0434' cannot be represented in the current code page (1252)
C:\Users\aomiki\Desktop\uni.programming\LR\OP\LR1_10\LR1HelloWorld\LR1HelloWorld\Program.cpp(44,73): warning C4566: character represented by universal-character-name '\u043D' cannot be represented in the current code page (1252)
C:\Users\aomiki\Desktop\uni.programming\LR\OP\LR1_10\LR1HelloWorld\LR1HelloWorld\Program.cpp(44,73): warning C4566: character represented by universal-character-name '\u0438' cannot be represented in the current code page (1252)
C:\Users\aomiki\Desktop\uni.programming\LR\OP\LR1_10\LR1HelloWorld\LR1HelloWorld\Program.cpp(44,73): warning C4566: character represented by universal-character-name '\u0439' cannot be represented in the current code page (1252)
C:\Users\aomiki\Desktop\uni.programming\LR\OP\LR1_10\LR1HelloWorld\LR1HelloWorld\Program.cpp(44,73): warning C4566: character represented by universal-character-name '\u043F' cannot be represented in the current code page (1252)
C:\Users\aomiki\Desktop\uni.programming\LR\OP\LR1_10\LR1HelloWorld\LR1HelloWorld\Program.cpp(44,73): warning C4566: character represented by universal-character-name '\u0440' cannot be represented in the current code page (1252)
C:\Users\aomiki\Desktop\uni.programming\LR\OP\LR1_10\LR1HelloWorld\LR1HelloWorld\Program.cpp(44,73): warning C4566: character represented by universal-character-name '\u0443' cannot be represented in the current code page (1252)
C:\Users\aomiki\Desktop\uni.programming\LR\OP\LR1_10\LR1HelloWorld\LR1HelloWorld\Program.cpp(44,73): warning C4566: character represented by universal-character-name '\u043C' cannot be represented in the current code page (1252)
C:\Users\aomiki\Desktop\uni.programming\LR\OP\LR1_10\LR1HelloWorld\LR1HelloWorld\Program.cpp(44,73): warning C4566: character represented by universal-character-name '\u0432' cannot be represented in the current code page (1252)
C:\Users\aomiki\Desktop\uni.programming\LR\OP\LR1_10\LR1HelloWorld\LR1HelloWorld\Program.cpp(44,73): warning C4566: character represented by universal-character-name '\u0430' cannot be represented in the current code page (1252)
C:\Users\aomiki\Desktop\uni.programming\LR\OP\LR1_10\LR1HelloWorld\LR1HelloWorld\Program.cpp(44,73): warning C4566: character represented by universal-character-name '\u044B' cannot be represented in the current code page (1252)
C:\Users\aomiki\Desktop\uni.programming\LR\OP\LR1_10\LR1HelloWorld\LR1HelloWorld\Program.cpp(44,73): warning C4566: character represented by universal-character-name '\u0447' cannot be represented in the current code page (1252)
C:\Users\aomiki\Desktop\uni.programming\LR\OP\LR1_10\LR1HelloWorld\LR1HelloWorld\Program.cpp(44,149): warning C4566: character represented by universal-character-name '\u0427' cannot be represented in the current code page (1252)
C:\Users\aomiki\Desktop\uni.programming\LR\OP\LR1_10\LR1HelloWorld\LR1HelloWorld\Program.cpp(44,149): warning C4566: character represented by universal-character-name '\u0430' cannot be represented in the current code page (1252)
C:\Users\aomiki\Desktop\uni.programming\LR\OP\LR1_10\LR1HelloWorld\LR1HelloWorld\Program.cpp(44,149): warning C4566: character represented by universal-character-name '\u0441' cannot be represented in the current code page (1252)
C:\Users\aomiki\Desktop\uni.programming\LR\OP\LR1_10\LR1HelloWorld\LR1HelloWorld\Program.cpp(44,149): warning C4566: character represented by universal-character-name '\u0442' cannot be represented in the current code page (1252)
C:\Users\aomiki\Desktop\uni.programming\LR\OP\LR1_10\LR1HelloWorld\LR1HelloWorld\Program.cpp(44,149): warning C4566: character represented by universal-character-name '\u0438' cannot be represented in the current code page (1252)
C:\Users\aomiki\Desktop\uni.programming\LR\OP\LR1_10\LR1HelloWorld\LR1HelloWorld\Program.cpp(44,149): warning C4566: character represented by universal-character-name '\u0447' cannot be represented in the current code page (1252)
C:\Users\aomiki\Desktop\uni.programming\LR\OP\LR1_10\LR1HelloWorld\LR1HelloWorld\Program.cpp(44,149): warning C4566: character represented by universal-character-name '\u043D' cannot be represented in the current code page (1252)
C:\Users\aomiki\Desktop\uni.programming\LR\OP\LR1_10\LR1HelloWorld\LR1HelloWorld\Program.cpp(44,149): warning C4566: character represented by universal-character-name '\u044F' cannot be represented in the current code page (1252)
C:\Users\aomiki\Desktop\uni.programming\LR\OP\LR1_10\LR1HelloWorld\LR1HelloWorld\Program.cpp(44,149): warning C4566: character represented by universal-character-name '\u0443' cannot be represented in the current code page (1252)
C:\Users\aomiki\Desktop\uni.programming\LR\OP\LR1_10\LR1HelloWorld\LR1HelloWorld\Program.cpp(44,149): warning C4566: character represented by universal-character-name '\u043C' cannot be represented in the current code page (1252)
C:\Users\aomiki\Desktop\uni.programming\LR\OP\LR1_10\LR1HelloWorld\LR1HelloWorld\Program.cpp(44,193): warning C4566: character represented by universal-character-name '\u041F' cannot be represented in the current code page (1252)
C:\Users\aomiki\Desktop\uni.programming\LR\OP\LR1_10\LR1HelloWorld\LR1HelloWorld\Program.cpp(44,193): warning C4566: character represented by universal-character-name '\u043E' cannot be represented in the current code page (1252)
C:\Users\aomiki\Desktop\uni.programming\LR\OP\LR1_10\LR1HelloWorld\LR1HelloWorld\Program.cpp(44,193): warning C4566: character represented by universal-character-name '\u0433' cannot be represented in the current code page (1252)
C:\Users\aomiki\Desktop\uni.programming\LR\OP\LR1_10\LR1HelloWorld\LR1HelloWorld\Program.cpp(44,193): warning C4566: character represented by universal-character-name '\u0440' cannot be represented in the current code page (1252)
C:\Users\aomiki\Desktop\uni.programming\LR\OP\LR1_10\LR1HelloWorld\LR1HelloWorld\Program.cpp(44,193): warning C4566: character represented by universal-character-name '\u0435' cannot be represented in the current code page (1252)
C:\Users\aomiki\Desktop\uni.programming\LR\OP\LR1_10\LR1HelloWorld\LR1HelloWorld\Program.cpp(44,193): warning C4566: character represented by universal-character-name '\u0448' cannot be represented in the current code page (1252)
C:\Users\aomiki\Desktop\uni.programming\LR\OP\LR1_10\LR1HelloWorld\LR1HelloWorld\Program.cpp(44,193): warning C4566: character represented by universal-character-name '\u043D' cannot be represented in the current code page (1252)
C:\Users\aomiki\Desktop\uni.programming\LR\OP\LR1_10\LR1HelloWorld\LR1HelloWorld\Program.cpp(44,193): warning C4566: character represented by universal-character-name '\u0441' cannot be represented in the current code page (1252)
C:\Users\aomiki\Desktop\uni.programming\LR\OP\LR1_10\LR1HelloWorld\LR1HelloWorld\Program.cpp(44,193): warning C4566: character represented by universal-character-name '\u0442' cannot be represented in the current code page (1252)
C:\Users\aomiki\Desktop\uni.programming\LR\OP\LR1_10\LR1HelloWorld\LR1HelloWorld\Program.cpp(44,193): warning C4566: character represented by universal-character-name '\u044C' cannot be represented in the current code page (1252)
C:\Users\aomiki\Desktop\uni.programming\LR\OP\LR1_10\LR1HelloWorld\LR1HelloWorld\Program.cpp(54,33): warning C4566: character represented by universal-character-name '\u041D' cannot be represented in the current code page (1252)
C:\Users\aomiki\Desktop\uni.programming\LR\OP\LR1_10\LR1HelloWorld\LR1HelloWorld\Program.cpp(54,33): warning C4566: character represented by universal-character-name '\u043E' cannot be represented in the current code page (1252)
C:\Users\aomiki\Desktop\uni.programming\LR\OP\LR1_10\LR1HelloWorld\LR1HelloWorld\Program.cpp(54,33): warning C4566: character represented by universal-character-name '\u043C' cannot be represented in the current code page (1252)
C:\Users\aomiki\Desktop\uni.programming\LR\OP\LR1_10\LR1HelloWorld\LR1HelloWorld\Program.cpp(54,33): warning C4566: character represented by universal-character-name '\u0435' cannot be represented in the current code page (1252)
C:\Users\aomiki\Desktop\uni.programming\LR\OP\LR1_10\LR1HelloWorld\LR1HelloWorld\Program.cpp(54,33): warning C4566: character represented by universal-character-name '\u0440' cannot be represented in the current code page (1252)
C:\Users\aomiki\Desktop\uni.programming\LR\OP\LR1_10\LR1HelloWorld\LR1HelloWorld\Program.cpp(54,33): warning C4566: character represented by universal-character-name '\u0438' cannot be represented in the current code page (1252)
C:\Users\aomiki\Desktop\uni.programming\LR\OP\LR1_10\LR1HelloWorld\LR1HelloWorld\Program.cpp(54,33): warning C4566: character represented by universal-character-name '\u0442' cannot be represented in the current code page (1252)
C:\Users\aomiki\Desktop\uni.programming\LR\OP\LR1_10\LR1HelloWorld\LR1HelloWorld\Program.cpp(54,33): warning C4566: character represented by universal-character-name '\u0430' cannot be represented in the current code page (1252)
C:\Users\aomiki\Desktop\uni.programming\LR\OP\LR1_10\LR1HelloWorld\LR1HelloWorld\Program.cpp(54,33): warning C4566: character represented by universal-character-name '\u0446' cannot be represented in the current code page (1252)
C:\Users\aomiki\Desktop\uni.programming\LR\OP\LR1_10\LR1HelloWorld\LR1HelloWorld\Program.cpp(54,73): warning C4566: character represented by universal-character-name '\u041F' cannot be represented in the current code page (1252)
C:\Users\aomiki\Desktop\uni.programming\LR\OP\LR1_10\LR1HelloWorld\LR1HelloWorld\Program.cpp(54,73): warning C4566: character represented by universal-character-name '\u043E' cannot be represented in the current code page (1252)
C:\Users\aomiki\Desktop\uni.programming\LR\OP\LR1_10\LR1HelloWorld\LR1HelloWorld\Program.cpp(54,73): warning C4566: character represented by universal-character-name '\u0441' cannot be represented in the current code page (1252)
C:\Users\aomiki\Desktop\uni.programming\LR\OP\LR1_10\LR1HelloWorld\LR1HelloWorld\Program.cpp(54,73): warning C4566: character represented by universal-character-name '\u043B' cannot be represented in the current code page (1252)
C:\Users\aomiki\Desktop\uni.programming\LR\OP\LR1_10\LR1HelloWorld\LR1HelloWorld\Program.cpp(54,73): warning C4566: character represented by universal-character-name '\u0435' cannot be represented in the current code page (1252)
C:\Users\aomiki\Desktop\uni.programming\LR\OP\LR1_10\LR1HelloWorld\LR1HelloWorld\Program.cpp(54,73): warning C4566: character represented by universal-character-name '\u0434' cannot be represented in the current code page (1252)
C:\Users\aomiki\Desktop\uni.programming\LR\OP\LR1_10\LR1HelloWorld\LR1HelloWorld\Program.cpp(54,73): warning C4566: character represented by universal-character-name '\u043D' cannot be represented in the current code page (1252)
C:\Users\aomiki\Desktop\uni.programming\LR\OP\LR1_10\LR1HelloWorld\LR1HelloWorld\Program.cpp(54,73): warning C4566: character represented by universal-character-name '\u0438' cannot be represented in the current code page (1252)
C:\Users\aomiki\Desktop\uni.programming\LR\OP\LR1_10\LR1HelloWorld\LR1HelloWorld\Program.cpp(54,73): warning C4566: character represented by universal-character-name '\u0439' cannot be represented in the current code page (1252)
C:\Users\aomiki\Desktop\uni.programming\LR\OP\LR1_10\LR1HelloWorld\LR1HelloWorld\Program.cpp(54,73): warning C4566: character represented by universal-character-name '\u043F' cannot be represented in the current code page (1252)
C:\Users\aomiki\Desktop\uni.programming\LR\OP\LR1_10\LR1HelloWorld\LR1HelloWorld\Program.cpp(54,73): warning C4566: character represented by universal-character-name '\u0440' cannot be represented in the current code page (1252)
C:\Users\aomiki\Desktop\uni.programming\LR\OP\LR1_10\LR1HelloWorld\LR1HelloWorld\Program.cpp(54,73): warning C4566: character represented by universal-character-name '\u0443' cannot be represented in the current code page (1252)
C:\Users\aomiki\Desktop\uni.programming\LR\OP\LR1_10\LR1HelloWorld\LR1HelloWorld\Program.cpp(54,73): warning C4566: character represented by universal-character-name '\u043C' cannot be represented in the current code page (1252)
C:\Users\aomiki\Desktop\uni.programming\LR\OP\LR1_10\LR1HelloWorld\LR1HelloWorld\Program.cpp(54,73): warning C4566: character represented by universal-character-name '\u0432' cannot be represented in the current code page (1252)
C:\Users\aomiki\Desktop\uni.programming\LR\OP\LR1_10\LR1HelloWorld\LR1HelloWorld\Program.cpp(54,73): warning C4566: character represented by universal-character-name '\u0430' cannot be represented in the current code page (1252)
C:\Users\aomiki\Desktop\uni.programming\LR\OP\LR1_10\LR1HelloWorld\LR1HelloWorld\Program.cpp(54,73): warning C4566: character represented by universal-character-name '\u044B' cannot be represented in the current code page (1252)
C:\Users\aomiki\Desktop\uni.programming\LR\OP\LR1_10\LR1HelloWorld\LR1HelloWorld\Program.cpp(54,73): warning C4566: character represented by universal-character-name '\u0447' cannot be represented in the current code page (1252)
C:\Users\aomiki\Desktop\uni.programming\LR\OP\LR1_10\LR1HelloWorld\LR1HelloWorld\Program.cpp(54,149): warning C4566: character represented by universal-character-name '\u0427' cannot be represented in the current code page (1252)
C:\Users\aomiki\Desktop\uni.programming\LR\OP\LR1_10\LR1HelloWorld\LR1HelloWorld\Program.cpp(54,149): warning C4566: character represented by universal-character-name '\u0430' cannot be represented in the current code page (1252)
C:\Users\aomiki\Desktop\uni.programming\LR\OP\LR1_10\LR1HelloWorld\LR1HelloWorld\Program.cpp(54,149): warning C4566: character represented by universal-character-name '\u0441' cannot be represented in the current code page (1252)
C:\Users\aomiki\Desktop\uni.programming\LR\OP\LR1_10\LR1HelloWorld\LR1HelloWorld\Program.cpp(54,149): warning C4566: character represented by universal-character-name '\u0442' cannot be represented in the current code page (1252)
C:\Users\aomiki\Desktop\uni.programming\LR\OP\LR1_10\LR1HelloWorld\LR1HelloWorld\Program.cpp(54,149): warning C4566: character represented by universal-character-name '\u0438' cannot be represented in the current code page (1252)
C:\Users\aomiki\Desktop\uni.programming\LR\OP\LR1_10\LR1HelloWorld\LR1HelloWorld\Program.cpp(54,149): warning C4566: character represented by universal-character-name '\u0447' cannot be represented in the current code page (1252)
C:\Users\aomiki\Desktop\uni.programming\LR\OP\LR1_10\LR1HelloWorld\LR1HelloWorld\Program.cpp(54,149): warning C4566: character represented by universal-character-name '\u043D' cannot be represented in the current code page (1252)
C:\Users\aomiki\Desktop\uni.programming\LR\OP\LR1_10\LR1HelloWorld\LR1HelloWorld\Program.cpp(54,149): warning C4566: character represented by universal-character-name '\u044F' cannot be represented in the current code page (1252)
C:\Users\aomiki\Desktop\uni.programming\LR\OP\LR1_10\LR1HelloWorld\LR1HelloWorld\Program.cpp(54,149): warning C4566: character represented by universal-character-name '\u0443' cannot be represented in the current code page (1252)
C:\Users\aomiki\Desktop\uni.programming\LR\OP\LR1_10\LR1HelloWorld\LR1HelloWorld\Program.cpp(54,149): warning C4566: character represented by universal-character-name '\u043C' cannot be represented in the current code page (1252)
C:\Users\aomiki\Desktop\uni.programming\LR\OP\LR1_10\LR1HelloWorld\LR1HelloWorld\Program.cpp(54,193): warning C4566: character represented by universal-character-name '\u041F' cannot be represented in the current code page (1252)
C:\Users\aomiki\Desktop\uni.programming\LR\OP\LR1_10\LR1HelloWorld\LR1HelloWorld\Program.cpp(54,193): warning C4566: character represented by universal-character-name '\u043E' cannot be represented in the current code page (1252)
C:\Users\aomiki\Desktop\uni.programming\LR\OP\LR1_10\LR1HelloWorld\LR1HelloWorld\Program.cpp(54,193): warning C4566: character represented by universal-character-name '\u0433' cannot be represented in the current code page (1252)
C:\Users\aomiki\Desktop\uni.programming\LR\OP\LR1_10\LR1HelloWorld\LR1HelloWorld\Program.cpp(54,193): warning C4566: character represented by universal-character-name '\u0440' cannot be represented in the current code page (1252)
C:\Users\aomiki\Desktop\uni.programming\LR\OP\LR1_10\LR1HelloWorld\LR1HelloWorld\Program.cpp(54,193): warning C4566: character represented by universal-character-name '\u0435' cannot be represented in the current code page (1252)
C:\Users\aomiki\Desktop\uni.programming\LR\OP\LR1_10\LR1HelloWorld\LR1HelloWorld\Program.cpp(54,193): warning C4566: character represented by universal-character-name '\u0448' cannot be represented in the current code page (1252)
C:\Users\aomiki\Desktop\uni.programming\LR\OP\LR1_10\LR1HelloWorld\LR1HelloWorld\Program.cpp(54,193): warning C4566: character represented by universal-character-name '\u043D' cannot be represented in the current code page (1252)
C:\Users\aomiki\Desktop\uni.programming\LR\OP\LR1_10\LR1HelloWorld\LR1HelloWorld\Program.cpp(54,193): warning C4566: character represented by universal-character-name '\u0441' cannot be represented in the current code page (1252)
C:\Users\aomiki\Desktop\uni.programming\LR\OP\LR1_10\LR1HelloWorld\LR1HelloWorld\Program.cpp(54,193): warning C4566: character represented by universal-character-name '\u0442' cannot be represented in the current code page (1252)
C:\Users\aomiki\Desktop\uni.programming\LR\OP\LR1_10\LR1HelloWorld\LR1HelloWorld\Program.cpp(54,193): warning C4566: character represented by universal-character-name '\u044C' cannot be represented in the current code page (1252)
C:\Users\aomiki\Desktop\uni.programming\LR\OP\LR1_10\LR1HelloWorld\LR1HelloWorld\Program.cpp(59,17): warning C4566: character represented by universal-character-name '\u041D' cannot be represented in the current code page (1252)
C:\Users\aomiki\Desktop\uni.programming\LR\OP\LR1_10\LR1HelloWorld\LR1HelloWorld\Program.cpp(59,17): warning C4566: character represented by universal-character-name '\u0430' cannot be represented in the current code page (1252)
C:\Users\aomiki\Desktop\uni.programming\LR\OP\LR1_10\LR1HelloWorld\LR1HelloWorld\Program.cpp(59,17): warning C4566: character represented by universal-character-name '\u0436' cannot be represented in the current code page (1252)
C:\Users\aomiki\Desktop\uni.programming\LR\OP\LR1_10\LR1HelloWorld\LR1HelloWorld\Program.cpp(59,17): warning C4566: character represented by universal-character-name '\u043C' cannot be represented in the current code page (1252)
C:\Users\aomiki\Desktop\uni.programming\LR\OP\LR1_10\LR1HelloWorld\LR1HelloWorld\Program.cpp(59,17): warning C4566: character represented by universal-character-name '\u0438' cannot be represented in the current code page (1252)
C:\Users\aomiki\Desktop\uni.programming\LR\OP\LR1_10\LR1HelloWorld\LR1HelloWorld\Program.cpp(59,17): warning C4566: character represented by universal-character-name '\u0442' cannot be represented in the current code page (1252)
C:\Users\aomiki\Desktop\uni.programming\LR\OP\LR1_10\LR1HelloWorld\LR1HelloWorld\Program.cpp(59,17): warning C4566: character represented by universal-character-name '\u0435' cannot be represented in the current code page (1252)
C:\Users\aomiki\Desktop\uni.programming\LR\OP\LR1_10\LR1HelloWorld\LR1HelloWorld\Program.cpp(59,17): warning C4566: character represented by universal-character-name '\u0441' cannot be represented in the current code page (1252)
C:\Users\aomiki\Desktop\uni.programming\LR\OP\LR1_10\LR1HelloWorld\LR1HelloWorld\Program.cpp(59,17): warning C4566: character represented by universal-character-name '\u043B' cannot be represented in the current code page (1252)
C:\Users\aomiki\Desktop\uni.programming\LR\OP\LR1_10\LR1HelloWorld\LR1HelloWorld\Program.cpp(59,17): warning C4566: character represented by universal-character-name '\u0445' cannot be represented in the current code page (1252)
C:\Users\aomiki\Desktop\uni.programming\LR\OP\LR1_10\LR1HelloWorld\LR1HelloWorld\Program.cpp(59,17): warning C4566: character represented by universal-character-name '\u043E' cannot be represented in the current code page (1252)
C:\Users\aomiki\Desktop\uni.programming\LR\OP\LR1_10\LR1HelloWorld\LR1HelloWorld\Program.cpp(59,17): warning C4566: character represented by universal-character-name '\u043F' cannot be represented in the current code page (1252)
C:\Users\aomiki\Desktop\uni.programming\LR\OP\LR1_10\LR1HelloWorld\LR1HelloWorld\Program.cpp(59,17): warning C4566: character represented by universal-character-name '\u0440' cannot be represented in the current code page (1252)
C:\Users\aomiki\Desktop\uni.programming\LR\OP\LR1_10\LR1HelloWorld\LR1HelloWorld\Program.cpp(59,17): warning C4566: character represented by universal-character-name '\u0434' cannot be represented in the current code page (1252)
C:\Users\aomiki\Desktop\uni.programming\LR\OP\LR1_10\LR1HelloWorld\LR1HelloWorld\Program.cpp(59,17): warning C4566: character represented by universal-character-name '\u044C' cannot be represented in the current code page (1252)
C:\Users\aomiki\Desktop\uni.programming\LR\OP\LR1_10\LR1HelloWorld\LR1HelloWorld\Program.cpp(59,17): warning C4566: character represented by universal-character-name '\u0433' cannot be represented in the current code page (1252)
C:\Users\aomiki\Desktop\uni.programming\LR\OP\LR1_10\LR1HelloWorld\LR1HelloWorld\Program.cpp(59,17): warning C4566: character represented by universal-character-name '\u0443' cannot be represented in the current code page (1252)
  LR1HelloWorld.vcxproj -> C:\Users\aomiki\Desktop\uni.programming\LR\OP\LR1_10\LR1HelloWorld\x64\Debug\LR1HelloWorld.exe
